c:\users\zac\school\term 4\comp 4995 - gaming\assignments\a3\gamingsystemsa3\gamingsystemsa3\debug\vc140.pdb
c:\users\zac\school\term 4\comp 4995 - gaming\assignments\a3\gamingsystemsa3\gamingsystemsa3\debug\vc140.idb
c:\users\zac\school\term 4\comp 4995 - gaming\assignments\a3\gamingsystemsa3\gamingsystemsa3\debug\camera.obj
c:\users\zac\school\term 4\comp 4995 - gaming\assignments\a3\gamingsystemsa3\gamingsystemsa3\debug\frametracker.obj
c:\users\zac\school\term 4\comp 4995 - gaming\assignments\a3\gamingsystemsa3\gamingsystemsa3\debug\main.obj
c:\users\zac\school\term 4\comp 4995 - gaming\assignments\a3\gamingsystemsa3\gamingsystemsa3\debug\object.obj
c:\users\zac\school\term 4\comp 4995 - gaming\assignments\a3\gamingsystemsa3\gamingsystemsa3\debug\particlesystem.obj
c:\users\zac\school\term 4\comp 4995 - gaming\assignments\a3\gamingsystemsa3\gamingsystemsa3\debug\picking.obj
c:\users\zac\school\term 4\comp 4995 - gaming\assignments\a3\gamingsystemsa3\gamingsystemsa3\debug\reflection.obj
c:\users\zac\school\term 4\comp 4995 - gaming\assignments\a3\gamingsystemsa3\gamingsystemsa3\debug\util.obj
c:\users\zac\school\term 4\comp 4995 - gaming\assignments\a3\gamingsystemsa3\gamingsystemsa3\debug\game.obj
c:\users\zac\school\term 4\comp 4995 - gaming\assignments\a3\gamingsystemsa3\debug\gamingsystemsa3.ilk
c:\users\zac\school\term 4\comp 4995 - gaming\assignments\a3\gamingsystemsa3\debug\gamingsystemsa3.exe
c:\users\zac\school\term 4\comp 4995 - gaming\assignments\a3\gamingsystemsa3\debug\gamingsystemsa3.pdb
c:\users\zac\school\term 4\comp 4995 - gaming\assignments\a3\gamingsystemsa3\gamingsystemsa3\debug\gamingsystemsa3.tlog\cl.command.1.tlog
c:\users\zac\school\term 4\comp 4995 - gaming\assignments\a3\gamingsystemsa3\gamingsystemsa3\debug\gamingsystemsa3.tlog\cl.read.1.tlog
c:\users\zac\school\term 4\comp 4995 - gaming\assignments\a3\gamingsystemsa3\gamingsystemsa3\debug\gamingsystemsa3.tlog\cl.write.1.tlog
c:\users\zac\school\term 4\comp 4995 - gaming\assignments\a3\gamingsystemsa3\gamingsystemsa3\debug\gamingsystemsa3.tlog\link.command.1.tlog
c:\users\zac\school\term 4\comp 4995 - gaming\assignments\a3\gamingsystemsa3\gamingsystemsa3\debug\gamingsystemsa3.tlog\link.read.1.tlog
c:\users\zac\school\term 4\comp 4995 - gaming\assignments\a3\gamingsystemsa3\gamingsystemsa3\debug\gamingsystemsa3.tlog\link.write.1.tlog
